Determining if the pthread_create exist failed with the following output:
Change Dir: /root/lab505/app_source/mycode_pmemkv/pmemkv_with_woart/build/CMakeFiles/CMakeTmp

Run Build Command:"/usr/bin/gmake" "cmTC_5b66f/fast"
/usr/bin/gmake -f CMakeFiles/cmTC_5b66f.dir/build.make CMakeFiles/cmTC_5b66f.dir/build
gmake[1]: 进入目录“/mnt/sdb/app_source/mycode_pmemkv/pmemkv_with_woart/build/CMakeFiles/CMakeTmp”
Building C object CMakeFiles/cmTC_5b66f.dir/CheckSymbolExists.c.o
/usr/bin/cc    -o CMakeFiles/cmTC_5b66f.dir/CheckSymbolExists.c.o   -c /root/lab505/app_source/mycode_pmemkv/pmemkv_with_woart/build/CMakeFiles/CMakeTmp/CheckSymbolExists.c
Linking C executable cmTC_5b66f
/usr/local/bin/cmake -E cmake_link_script CMakeFiles/cmTC_5b66f.dir/link.txt --verbose=1
/usr/bin/cc      CMakeFiles/cmTC_5b66f.dir/CheckSymbolExists.c.o  -o cmTC_5b66f 
CMakeFiles/cmTC_5b66f.dir/CheckSymbolExists.c.o：在函数‘main’中：
CheckSymbolExists.c:(.text+0x16)：对‘pthread_create’未定义的引用
collect2: 错误：ld 返回 1
gmake[1]: *** [cmTC_5b66f] 错误 1
gmake[1]: 离开目录“/mnt/sdb/app_source/mycode_pmemkv/pmemkv_with_woart/build/CMakeFiles/CMakeTmp”
gmake: *** [cmTC_5b66f/fast] 错误 2

File /root/lab505/app_source/mycode_pmemkv/pmemkv_with_woart/build/CMakeFiles/CMakeTmp/CheckSymbolExists.c:
/* */
#include <pthread.h>

int main(int argc, char** argv)
{
  (void)argv;
#ifndef pthread_create
  return ((int*)(&pthread_create))[argc];
#else
  (void)argc;
  return 0;
#endif
}

Determining if the function pthread_create exists in the pthreads failed with the following output:
Change Dir: /root/lab505/app_source/mycode_pmemkv/pmemkv_with_woart/build/CMakeFiles/CMakeTmp

Run Build Command:"/usr/bin/gmake" "cmTC_b9b7e/fast"
/usr/bin/gmake -f CMakeFiles/cmTC_b9b7e.dir/build.make CMakeFiles/cmTC_b9b7e.dir/build
gmake[1]: 进入目录“/mnt/sdb/app_source/mycode_pmemkv/pmemkv_with_woart/build/CMakeFiles/CMakeTmp”
Building C object CMakeFiles/cmTC_b9b7e.dir/CheckFunctionExists.c.o
/usr/bin/cc   -DCHECK_FUNCTION_EXISTS=pthread_create   -o CMakeFiles/cmTC_b9b7e.dir/CheckFunctionExists.c.o   -c /usr/local/share/cmake-3.11/Modules/CheckFunctionExists.c
Linking C executable cmTC_b9b7e
/usr/local/bin/cmake -E cmake_link_script CMakeFiles/cmTC_b9b7e.dir/link.txt --verbose=1
/usr/bin/cc  -DCHECK_FUNCTION_EXISTS=pthread_create    CMakeFiles/cmTC_b9b7e.dir/CheckFunctionExists.c.o  -o cmTC_b9b7e -lpthreads 
/usr/bin/ld: cannot find -lpthreads
collect2: 错误：ld 返回 1
gmake[1]: *** [cmTC_b9b7e] 错误 1
gmake[1]: 离开目录“/mnt/sdb/app_source/mycode_pmemkv/pmemkv_with_woart/build/CMakeFiles/CMakeTmp”
gmake: *** [cmTC_b9b7e/fast] 错误 2


